       Fresh unicode-ident v1.0.24
       Fresh cfg-if v1.0.4
       Fresh memchr v2.8.0
       Fresh shlex v1.3.0
       Fresh proc-macro2 v1.0.106
       Fresh find-msvc-tools v0.1.9
       Fresh itoa v1.0.18
       Fresh version_check v0.9.5
       Fresh quote v1.0.45
       Fresh scopeguard v1.2.0
       Fresh syn v2.0.117
       Fresh jobserver v0.1.34
       Fresh libc v0.2.186
       Fresh lock_api v0.4.14
       Fresh equivalent v1.0.2
       Fresh serde_derive v1.0.228
       Fresh cc v1.2.61
       Fresh synstructure v0.13.2
       Fresh displaydoc v0.2.5
       Fresh serde_core v1.0.228
       Fresh hashbrown v0.17.0
       Fresh zerovec-derive v0.11.3
       Fresh zerofrom-derive v0.1.7
       Fresh yoke-derive v0.8.2
       Fresh once_cell v1.21.4
       Fresh percent-encoding v2.3.2
       Fresh siphasher v1.0.3
       Fresh litemap v0.8.2
       Fresh zmij v1.0.21
       Fresh autocfg v1.5.0
       Fresh writeable v0.6.3
       Fresh core-foundation-sys v0.8.7
       Fresh utf8_iter v1.0.4
       Fresh log v0.4.29
       Fresh fastrand v2.4.1
       Fresh thiserror-impl v2.0.18
       Fresh smallvec v1.15.1
       Fresh fnv v1.0.7
       Fresh form_urlencoded v1.2.2
       Fresh aho-corasick v1.1.4
       Fresh icu_normalizer_data v2.2.0
       Fresh icu_properties_data v2.2.0
       Fresh thiserror v2.0.18
       Fresh regex-syntax v0.8.10
       Fresh pin-project-lite v0.2.17
       Fresh pkg-config v0.3.33
       Fresh serde v1.0.228
       Fresh regex-automata v0.4.14
       Fresh base64 v0.22.1
       Fresh num-conv v0.2.1
       Fresh powerfmt v0.2.0
       Fresh regex v1.12.3
       Fresh time-core v0.1.8
       Fresh deranged v0.5.8
       Fresh time-macros v0.2.27
       Fresh crossbeam-utils v0.8.21
       Fresh simd-adler32 v0.3.9
       Fresh bitflags v2.11.1
       Fresh time v0.3.47
       Fresh parking_lot_core v0.9.12
       Fresh zerofrom v0.1.7
       Fresh stable_deref_trait v1.2.1
       Fresh libm v0.2.16
       Fresh futures-core v0.3.32
       Fresh typenum v1.20.0
       Fresh crc32fast v1.5.0
       Fresh parking_lot v0.12.5
       Fresh adler2 v2.0.1
       Fresh byteorder v1.5.0
       Fresh generic-array v0.14.7
       Fresh subtle v2.6.1
       Fresh miniz_oxide v0.8.9
       Fresh tokio-macros v2.7.0
       Fresh bytes v1.11.1
       Fresh zlib-rs v0.6.3
       Fresh flate2 v1.1.9
       Fresh phf_shared v0.13.1
       Fresh getrandom v0.2.17
       Fresh crypto-common v0.1.7
       Fresh alloc-no-stdlib v2.0.4
       Fresh dyn-clone v1.0.20
       Fresh alloc-stdlib v0.2.2
       Fresh serde_json v1.0.149
       Fresh phf_generator v0.13.1
       Fresh zerocopy v0.8.48
       Fresh block-buffer v0.10.4
       Fresh yoke v0.8.2
       Fresh thiserror-impl v1.0.69
       Fresh num-traits v0.2.19
       Fresh thiserror v1.0.69
       Fresh indexmap v2.14.0
       Fresh futures-sink v0.3.32
       Fresh zerovec v0.11.6
       Fresh strsim v0.11.1
       Fresh ident_case v1.0.1
       Fresh phf_codegen v0.13.1
       Fresh darling_core v0.23.0
       Fresh crossbeam-epoch v0.9.18
       Fresh glob v0.3.3
       Fresh slab v0.4.12
       Fresh darling_macro v0.23.0
       Fresh toml_writer v1.1.1+spec-1.1.0
       Fresh anyhow v1.0.102
       Fresh typeid v1.0.3
       Fresh crossbeam-deque v0.8.6
       Fresh tinystr v0.8.3
       Fresh ppv-lite86 v0.2.21
       Fresh darling v0.23.0
       Fresh base64 v0.21.7
       Fresh ryu v1.0.23
       Fresh heck v0.5.0
       Fresh icu_locale_core v2.2.0
       Fresh zstd-sys v2.0.16+zstd.1.5.7
       Fresh potential_utf v0.1.5
       Fresh rayon-core v1.13.0
       Fresh zerotrie v0.2.4
       Fresh phf_macros v0.13.1
       Fresh futures-macro v0.3.32
       Fresh unic-char-range v0.9.0
       Fresh new_debug_unreachable v1.0.6
       Fresh futures-task v0.3.32
       Fresh unic-common v0.9.0
       Fresh rustc-hash v2.1.2
       Fresh rayon v1.12.0
       Fresh phf v0.13.1
       Fresh unic-char-property v0.9.0
       Fresh icu_provider v2.2.0
       Fresh serde_with_macros v3.19.0
       Fresh icu_collections v2.2.0
       Fresh unic-ucd-version v0.9.0
       Fresh string_cache_codegen v0.6.1
       Fresh phf_shared v0.11.3
       Fresh allocator-api2 v0.2.21
       Fresh precomputed-hash v0.1.1
       Fresh unic-ucd-ident v0.9.0
       Fresh phf_generator v0.11.3
       Fresh rand_core v0.6.4
       Fresh tracing-core v0.1.36
       Fresh tracing-attributes v0.1.31
       Fresh quick-xml v0.39.3
       Fresh cpufeatures v0.2.17
       Fresh phf_macros v0.11.3
       Fresh string_cache v0.9.0
       Fresh icu_properties v2.2.0
       Fresh icu_normalizer v2.2.0
       Fresh brotli-decompressor v5.0.0
       Fresh ctor-proc-macro v0.0.7
       Fresh same-file v1.0.6
       Fresh dtoa v1.0.11
       Fresh dunce v1.0.5
       Fresh utf-8 v0.7.6
       Fresh unicode-segmentation v1.13.2
       Fresh dtoa-short v0.3.5
       Fresh walkdir v2.5.0
       Fresh tendril v0.5.0
       Fresh idna_adapter v1.2.2
       Fresh brotli v8.0.2
       Fresh ctor v0.8.0
       Fresh phf v0.11.3
       Fresh web_atoms v0.2.4
       Fresh rand_chacha v0.3.1
       Fresh derive_more-impl v2.1.1
       Fresh cssparser-macros v0.6.1
       Fresh foldhash v0.1.5
       Fresh option-ext v0.2.0
       Fresh derive_more v2.1.1
       Fresh rand v0.8.6
       Fresh hashbrown v0.15.5
       Fresh cssparser v0.36.0
       Fresh markup5ever v0.38.0
       Fresh object v0.37.3
       Fresh idna v1.1.0
       Fresh servo_arc v0.4.3
       Fresh serde_derive_internals v0.29.1
       Fresh errno v0.3.14
       Fresh hashbrown v0.12.3
       Fresh bit-vec v0.8.0
       Fresh url v2.5.8
       Fresh selectors v0.36.1
       Fresh schemars_derive v0.8.22
       Fresh bit-set v0.8.0
       Fresh indexmap v1.9.3
       Fresh html5ever v0.38.0
       Fresh ar_archive_writer v0.5.1
       Fresh camino v1.2.2
       Fresh cargo-platform v0.1.9
       Fresh foldhash v0.2.0
       Fresh cargo_metadata v0.19.2
       Fresh dom_query v0.27.0
       Fresh schemars v0.8.22
       Fresh swift-rs v1.0.7
       Fresh http v1.4.0
       Fresh rustversion v1.0.22
       Fresh ahash v0.8.12
       Fresh objc2-exception-helper v0.1.1
       Fresh getrandom v0.4.2
       Fresh iana-time-zone v0.1.65
       Fresh array-init-cursor v0.2.1
       Fresh objc2-encode v4.1.0
       Fresh psm v0.1.31
       Fresh futures-io v0.3.32
       Fresh const-oid v0.9.6
       Fresh chrono v0.4.44
       Fresh planus v0.3.1
       Fresh objc2 v0.6.4
       Fresh castaway v0.2.4
       Fresh stacker v0.1.24
       Fresh polars-arrow-format v0.1.0
       Fresh bytemuck_derive v1.10.2
       Fresh tower-service v0.3.3
       Fresh simdutf8 v0.1.5
       Fresh try-lock v0.2.5
       Fresh static_assertions v1.1.0
       Fresh httparse v1.10.1
       Fresh polars-error v0.46.0
       Fresh compact_str v0.8.1
       Fresh want v0.3.1
       Fresh bytemuck v1.25.0
       Fresh raw-cpuid v11.6.0
       Fresh phf_shared v0.12.1
       Fresh bincode v1.3.3
       Fresh memmap2 v0.9.10
       Fresh bitflags v1.3.2
       Fresh phf v0.12.1
       Fresh polars-utils v0.46.0
       Fresh lz4-sys v1.11.1+lz4-1.10.0
       Fresh block2 v0.6.2
       Fresh objc2-core-foundation v0.3.2
       Fresh rustls-pki-types v1.14.1
       Fresh rustc_version v0.4.1
       Fresh toml_datetime v0.7.5+spec-1.1.0
       Fresh winnow v0.7.15
       Fresh home v0.5.12
       Fresh toml v0.9.12+spec-1.1.0
       Fresh objc2-foundation v0.3.2
       Fresh embed-resource v3.0.9
       Fresh polars-schema v0.46.0
       Fresh chrono-tz v0.10.4
       Fresh rustix v1.1.4
       Fresh lz4 v1.28.1
       Fresh strum_macros v0.26.4
       Fresh signal-hook-registry v1.4.8
       Fresh socket2 v0.6.3
       Fresh mio v1.2.0
       Fresh ethnum v1.5.3
       Fresh streaming-iterator v0.1.9
       Fresh untrusted v0.9.0
       Fresh debug_unsafe v0.1.4
       Fresh mime v0.3.17
       Fresh strength_reduce v0.2.4
       Fresh tokio v1.52.2
       Fresh cargo_toml v0.22.3
       Fresh ring v0.17.14
       Fresh polars-arrow v0.46.0
       Fresh atoi_simd v0.16.1
       Fresh tauri-winres v0.3.6
       Fresh objc2-app-kit v0.3.2
       Fresh digest v0.10.7
       Fresh fast-float2 v0.2.3
       Fresh litrs v1.0.0
       Fresh tauri-build v2.6.0
       Fresh rustls-webpki v0.103.13
       Fresh hashbrown v0.14.5
       Fresh document-features v0.2.12
       Fresh polars-compute v0.46.0
       Fresh core-foundation v0.10.1
       Fresh ipnet v2.12.0
       Fresh cookie v0.18.1
       Fresh crossterm v0.29.0
       Fresh rustls v0.23.40
       Fresh webpki-roots v1.0.7
       Fresh tauri-plugin v2.6.0
       Fresh http-body v1.0.1
       Fresh tracing v0.1.44
       Fresh futures-util v0.3.32
       Fresh fdeflate v0.3.7
       Fresh encoding_rs v0.8.35
       Fresh unicode-width v0.2.2
       Fresh raw-window-handle v0.6.2
       Fresh h2 v0.3.27
       Fresh comfy-table v7.2.2
       Fresh erased-serde v0.4.10
       Fresh polars-row v0.46.0
       Fresh http-body v0.4.6
       Fresh uuid v1.23.1
       Fresh rand_distr v0.4.3
       Fresh tokio-util v0.7.18
       Fresh inout v0.1.4
       Fresh futures-channel v0.3.32
       Fresh dpi v0.1.2
       Fresh yoke-derive v0.7.5
       Fresh socket2 v0.5.10
       Fresh httpdate v1.0.3
       Fresh fallible-streaming-iterator v0.1.9
       Fresh bumpalo v3.20.2
       Fresh winnow v1.0.2
       Fresh xxhash-rust v0.8.15
       Fresh atomic-waker v1.1.2
       Fresh hyper v0.14.32
       Fresh h2 v0.4.14
       Fresh zopfli v0.8.3
       Fresh toml_parser v1.1.2+spec-1.1.0
       Fresh polars-core v0.46.0
       Fresh yoke v0.7.5
       Fresh cipher v0.4.4
       Fresh cfb v0.7.3
       Fresh system-configuration-sys v0.6.0
       Fresh serde_with v3.19.0
       Fresh argminmax v0.6.3
       Fresh brotli-decompressor v4.0.3
       Fresh jsonptr v0.6.3
       Fresh security-framework-sys v2.17.0
       Fresh foreign-types-macros v0.2.3
       Fresh zerovec-derive v0.10.3
       Fresh serde_spanned v1.1.1
       Fresh toml_datetime v1.1.1+spec-1.1.0
       Fresh base64ct v1.8.3
       Fresh foreign-types-shared v0.3.1
       Fresh json-patch v3.0.1
       Fresh pem-rfc7468 v0.7.0
       Fresh foreign-types v0.5.0
       Fresh toml v1.1.2+spec-1.1.0
       Fresh password-hash v0.4.2
       Fresh polars-ops v0.46.0
       Fresh zerovec v0.10.4
       Fresh system-configuration v0.7.0
       Fresh brotli v7.0.0
       Fresh security-framework v3.7.0
       Fresh hyper-tls v0.5.0
       Fresh infer v0.19.0
       Fresh aes v0.8.4
       Fresh bzip2-sys v0.1.13+1.0.8
       Fresh snap v1.1.1
       Fresh zstd-safe v5.0.2+zstd.1.5.2
       Fresh hyper v1.9.0
       Fresh system-configuration-sys v0.5.0
       Fresh streaming-decompression v0.1.2
       Fresh serde-untagged v0.1.9
       Fresh png v0.17.16
       Fresh objc2-web-kit v0.3.2
       Fresh dispatch2 v0.3.1
       Fresh core-graphics-types v0.2.0
       Fresh now v0.1.3
       Fresh tempfile v3.27.0
       Fresh urlpattern v0.3.0
       Fresh dirs-sys v0.5.0
       Fresh plist v1.9.0
       Fresh lenient_semver_version_builder v0.4.2
       Fresh crossbeam-channel v0.5.15
       Fresh core-foundation v0.9.4
       Fresh tinystr v0.7.6
       Fresh spin v0.9.8
       Fresh base64 v0.13.1
       Fresh polars-parquet-format v0.1.0
       Fresh writeable v0.5.5
       Fresh semver v1.0.28
       Fresh litemap v0.7.5
       Fresh webdriver v0.46.0
       Fresh polars-parquet v0.46.0
       Fresh icu_locid v1.5.0
       Fresh tauri-utils v2.9.0
       Fresh system-configuration v0.5.1
       Fresh lenient_semver_parser v0.4.2
       Fresh polars-time v0.46.0
       Fresh core-graphics v0.25.0
       Fresh native-tls v0.2.18
       Fresh dirs v6.0.0
       Fresh zstd v0.11.2+zstd.1.5.2
       Fresh ico v0.5.0
       Fresh hyper-util v0.1.20
       Fresh liblzma-sys v0.4.6
       Fresh bzip2 v0.4.4
       Fresh zstd-safe v7.2.4
       Fresh pbkdf2 v0.11.0
       Fresh rustix v0.38.44
       Fresh der v0.7.10
       Fresh xattr v1.6.1
       Fresh rustls-pemfile v1.0.4
       Fresh concurrent-queue v2.5.0
       Fresh recursive-proc-macro-impl v0.1.1
       Fresh zeroize_derive v1.4.3
       Fresh icu_provider_macros v1.5.0
       Fresh filetime v0.2.29
       Fresh constant_time_eq v0.1.5
       Fresh libbz2-rs-sys v0.2.4
       Fresh parking v2.2.1
       Fresh sync_wrapper v0.1.2
       Fresh either v1.15.0
       Fresh crc-catalog v2.5.0
       Fresh tinyvec_macros v0.1.1
       Fresh vcpkg v0.2.15
       Fresh reqwest v0.11.27
       Fresh event-listener v5.4.1
       Fresh which v6.0.3
       Fresh crc v3.4.0
       Fresh tinyvec v1.11.0
       Fresh recursive v0.1.1
       Fresh zip v0.6.6
       Fresh zeroize v1.8.2
       Fresh tar v0.4.45
       Fresh icu_provider v1.5.0
       Fresh bzip2 v0.6.1
       Fresh zstd v0.13.3
       Fresh spki v0.7.3
       Fresh wry v0.55.1
       Fresh tokio-native-tls v0.3.1
       Fresh tao v0.35.2
       Fresh liblzma v0.4.6
       Fresh tauri-codegen v2.6.0
       Fresh lenient_semver v0.4.2
       Fresh tauri-runtime v2.11.0
       Fresh polars-io v0.46.0
       Fresh icu_segmenter_data v1.5.1
       Fresh fantoccini v0.19.3
       Fresh icu_collections v1.5.0
       Fresh pbkdf2 v0.12.2
       Fresh png v0.18.1
       Fresh webpki-roots v0.26.11
       Fresh http-body-util v0.1.3
       Fresh sha2 v0.10.9
       Fresh hashlink v0.10.0
       Fresh keyboard-types v0.7.0
       Fresh tokio-stream v0.1.18
       Fresh serde_urlencoded v0.7.1
       Fresh num-integer v0.1.46
       Fresh getrandom v0.3.4
       Fresh sync_wrapper v1.0.2
       Fresh futures-intrusive v0.5.0
       Fresh core_maths v0.1.1
       Fresh nix v0.27.1
       Fresh crossbeam-queue v0.3.12
       Fresh async-trait v0.1.89
       Fresh serialize-to-javascript-impl v0.1.2
       Fresh serde_repr v0.1.20
       Fresh ppmd-rust v1.4.0
       Fresh tower-layer v0.3.3
       Fresh constant_time_eq v0.3.1
       Fresh deflate64 v0.1.12
       Fresh sqlx-core v0.8.6
       Fresh icu_segmenter v1.5.0
       Fresh webdriver-downloader v0.16.0
       Fresh serialize-to-javascript v0.1.2
       Fresh zip v4.6.1
       Fresh tower v0.5.3
       Fresh num-iter v0.1.45
       Fresh muda v0.19.1
       Fresh hyper-tls v0.6.0
       Fresh tauri-macros v2.6.0
       Fresh tauri-runtime-wry v2.11.0
       Fresh polars-plan v0.46.0
       Fresh pkcs8 v0.10.2
       Fresh unicode-normalization v0.1.25
       Fresh cookie v0.16.2
       Fresh lazy_static v1.5.0
       Fresh window-vibrancy v0.6.0
       Fresh tokio-rustls v0.26.4
       Fresh hmac v0.12.1
       Fresh askama_parser v0.15.6
       Fresh rand_core v0.9.5
       Fresh atoi v2.0.0
       Fresh basic-toml v0.1.10
       Fresh http v0.2.12
       Fresh embed_plist v1.2.2
       Fresh unicode-bidi v0.3.18
       Fresh iri-string v0.7.12
       Fresh unicode-properties v0.1.4
       Fresh tauri v2.11.0
       Fresh hkdf v0.12.4
       Fresh askama_derive v0.15.6
       Fresh rand_chacha v0.9.0
       Fresh stringprep v0.1.5
       Fresh tower-http v0.6.8
       Fresh hyper-rustls v0.27.9
       Fresh webdriver v0.53.0
       Fresh polars-expr v0.46.0
       Fresh pkcs1 v0.7.5
       Fresh libsqlite3-sys v0.30.1
       Fresh num-bigint-dig v0.8.6
       Fresh md-5 v0.10.6
       Fresh signature v2.2.0
       Fresh futures-executor v0.3.32
       Fresh hex v0.4.3
       Fresh whoami v1.6.1
       Fresh dotenvy v0.15.7
       Fresh rsa v0.9.10
       Fresh reqwest v0.12.28
       Fresh fantoccini v0.22.1
       Fresh polars-mem-engine v0.46.0
       Fresh zip v2.4.2
       Fresh askama_macros v0.15.6
       Fresh rand v0.9.4
       Fresh flume v0.11.1
       Fresh sha1 v0.10.6
       Fresh pathdiff v0.2.3
       Fresh rand_core v0.10.1
       Fresh urlencoding v2.1.3
       Fresh askama v0.15.6
       Fresh polars-lazy v0.46.0
       Fresh sqlx-sqlite v0.8.6
       Fresh sqlx-mysql v0.8.6
       Fresh rand v0.10.1
       Fresh open v5.3.4
       Fresh plotly_static v0.1.0
       Fresh rfd v0.16.0
       Fresh sqlx-postgres v0.8.6
       Fresh tauri-plugin-fs v2.5.1
       Fresh quick-xml v0.31.0
       Fresh codepage v0.1.2
       Fresh hashlink v0.9.1
       Fresh plotly_derive v0.14.1
       Fresh async-stream-impl v0.3.6
       Fresh fallible-iterator v0.3.0
       Fresh rusqlite v0.32.1
       Fresh async-stream v0.3.6
       Fresh tauri-plugin-dialog v2.7.1
       Fresh plotly v0.14.1
       Fresh calamine v0.26.1
       Fresh tauri-plugin-opener v2.5.4
       Fresh polars v0.46.0
       Fresh sqlx v0.8.6
       Fresh rust_xlsxwriter v0.80.0
       Fresh futures v0.3.32
       Dirty tauri-vue-bi v0.1.0 (/Users/alex/Documents/github/tauri-vue-bi/src-tauri): dependency info changed
   Compiling tauri-vue-bi v0.1.0 (/Users/alex/Documents/github/tauri-vue-bi/src-tauri)
     Running `/Users/alex/.rustup/toolchains/1.88.0-x86_64-apple-darwin/bin/rustc --crate-name tauri_vue_bi_lib --edition=2021 src/lib.rs --error-format=json --json=diagnostic-rendered-ansi,artifacts,future-incompat --crate-type staticlib --crate-type cdylib --crate-type rlib --emit=dep-info,link -C embed-bitcode=no -C debuginfo=2 -C split-debuginfo=unpacked --check-cfg 'cfg(docsrs,test)' --check-cfg 'cfg(feature, values())' -C metadata=9358893d490ef7e4 --out-dir /Users/alex/Documents/github/tauri-vue-bi/src-tauri/target/debug/deps -C incremental=/Users/alex/Documents/github/tauri-vue-bi/src-tauri/target/debug/incremental -L dependency=/Users/alex/Documents/github/tauri-vue-bi/src-tauri/target/debug/deps --extern anyhow=/Users/alex/Documents/github/tauri-vue-bi/src-tauri/target/debug/deps/libanyhow-9bf35c79102c43bc.rlib --extern async_stream=/Users/alex/Documents/github/tauri-vue-bi/src-tauri/target/debug/deps/libasync_stream-330646d4c22e27b1.rlib --extern async_trait=/Users/alex/Documents/github/tauri-vue-bi/src-tauri/target/debug/deps/libasync_trait-7cb2ea1402016e95.dylib --extern calamine=/Users/alex/Documents/github/tauri-vue-bi/src-tauri/target/debug/deps/libcalamine-3b5fc608d5f93ee5.rlib --extern chrono=/Users/alex/Documents/github/tauri-vue-bi/src-tauri/target/debug/deps/libchrono-fb2784f11f27e339.rlib --extern futures=/Users/alex/Documents/github/tauri-vue-bi/src-tauri/target/debug/deps/libfutures-c5aa7e996543fa69.rlib --extern once_cell=/Users/alex/Documents/github/tauri-vue-bi/src-tauri/target/debug/deps/libonce_cell-76ea2297fff17b09.rlib --extern plotly=/Users/alex/Documents/github/tauri-vue-bi/src-tauri/target/debug/deps/libplotly-9fb52eb7fce5644c.rlib --extern polars=/Users/alex/Documents/github/tauri-vue-bi/src-tauri/target/debug/deps/libpolars-93fcddc8de1fadf9.rlib --extern polars_ops=/Users/alex/Documents/github/tauri-vue-bi/src-tauri/target/debug/deps/libpolars_ops-b512e060618e8693.rlib --extern regex=/Users/alex/Documents/github/tauri-vue-bi/src-tauri/target/debug/deps/libregex-f492548a77663646.rlib --extern reqwest=/Users/alex/Documents/github/tauri-vue-bi/src-tauri/target/debug/deps/libreqwest-c11fa26116652d69.rlib --extern rusqlite=/Users/alex/Documents/github/tauri-vue-bi/src-tauri/target/debug/deps/librusqlite-881dc8a17805c30d.rlib --extern rust_xlsxwriter=/Users/alex/Documents/github/tauri-vue-bi/src-tauri/target/debug/deps/librust_xlsxwriter-fc7101172bbd0690.rlib --extern serde=/Users/alex/Documents/github/tauri-vue-bi/src-tauri/target/debug/deps/libserde-8efa1cd71204c9fb.rlib --extern serde_json=/Users/alex/Documents/github/tauri-vue-bi/src-tauri/target/debug/deps/libserde_json-5501bc7c7de3285c.rlib --extern sqlx=/Users/alex/Documents/github/tauri-vue-bi/src-tauri/target/debug/deps/libsqlx-f16326b60b269c53.rlib --extern tauri=/Users/alex/Documents/github/tauri-vue-bi/src-tauri/target/debug/deps/libtauri-665be19233d093b3.rlib --extern tauri_plugin_dialog=/Users/alex/Documents/github/tauri-vue-bi/src-tauri/target/debug/deps/libtauri_plugin_dialog-3aa985d77295cba2.rlib --extern tauri_plugin_fs=/Users/alex/Documents/github/tauri-vue-bi/src-tauri/target/debug/deps/libtauri_plugin_fs-4c3d10f7183bc3c2.rlib --extern tauri_plugin_opener=/Users/alex/Documents/github/tauri-vue-bi/src-tauri/target/debug/deps/libtauri_plugin_opener-55014e9c16be7747.rlib --extern thiserror=/Users/alex/Documents/github/tauri-vue-bi/src-tauri/target/debug/deps/libthiserror-67db2029995eefc6.rlib --extern tokio=/Users/alex/Documents/github/tauri-vue-bi/src-tauri/target/debug/deps/libtokio-fcccb14fe516a4c3.rlib --extern tracing=/Users/alex/Documents/github/tauri-vue-bi/src-tauri/target/debug/deps/libtracing-b1b48eec0707d99e.rlib --extern uuid=/Users/alex/Documents/github/tauri-vue-bi/src-tauri/target/debug/deps/libuuid-89d4335ff0d9b46d.rlib -L native=/Users/alex/Documents/github/tauri-vue-bi/src-tauri/target/debug/build/ring-c908b4b440fd0663/out -L native=/Users/alex/Documents/github/tauri-vue-bi/src-tauri/target/debug/build/lz4-sys-90d814747fae9ceb/out -L native=/Users/alex/Documents/github/tauri-vue-bi/src-tauri/target/debug/build/psm-714a9eb9030f2cf6/out -L native=/Users/alex/Documents/github/tauri-vue-bi/src-tauri/target/debug/build/zstd-sys-f226fef8f9dc5ace/out -L native=/Users/alex/Documents/github/tauri-vue-bi/src-tauri/target/debug/build/libsqlite3-sys-3474c16a4e10d06f/out -L native=/Users/alex/Documents/github/tauri-vue-bi/src-tauri/target/debug/build/objc2-exception-helper-b6745d7411342670/out --cfg desktop --cfg dev --check-cfg 'cfg(desktop)' --check-cfg 'cfg(mobile)' --check-cfg 'cfg(dev)'`
warning: unused imports: `Arc` and `Mutex`
  --> src/agent/session.rs:11:17
   |
11 | use std::sync::{Arc, Mutex};
   |                 ^^^  ^^^^^
   |
   = note: `#[warn(unused_imports)]` on by default

warning: unused import: `std::sync::Arc`
  --> src/agent/tools/chart_tools.rs:14:5
   |
14 | use std::sync::Arc;
   |     ^^^^^^^^^^^^^^

warning: unused import: `std::collections::HashMap`
  --> src/agent/tools/color_schemes.rs:12:5
   |
12 | use std::collections::HashMap;
   |     ^^^^^^^^^^^^^^^^^^^^^^^^^

warning: unused import: `std::sync::Arc`
  --> src/agent/tools/data_tools.rs:16:5
   |
16 | use std::sync::Arc;
   |     ^^^^^^^^^^^^^^

warning: ambiguous glob re-exports
  --> src/agent/tools/mod.rs:20:9
   |
20 | pub use chart_engine::*;
   |         ^^^^^^^^^^^^^^^ the name `FieldMapping` in the type namespace is first re-exported here
...
23 | pub use data_tools::*;
   |         ------------- but the name `FieldMapping` in the type namespace is also re-exported here
   |
   = note: `#[warn(ambiguous_glob_reexports)]` on by default

warning: ambiguous glob re-exports
  --> src/agent/tools/mod.rs:20:9
   |
20 | pub use chart_engine::*;
   |         ^^^^^^^^^^^^^^^ the name `ChartOptions` in the type namespace is first re-exported here
21 | pub use chart_tools::*;
   |         -------------- but the name `ChartOptions` in the type namespace is also re-exported here

warning: ambiguous glob re-exports
  --> src/agent/tools/mod.rs:20:9
   |
20 | pub use chart_engine::*;
   |         ^^^^^^^^^^^^^^^ the name `ChartResult` in the type namespace is first re-exported here
...
23 | pub use data_tools::*;
   |         ------------- but the name `ChartResult` in the type namespace is also re-exported here

warning: ambiguous glob re-exports
  --> src/agent/tools/mod.rs:21:9
   |
21 | pub use chart_tools::*;
   |         ^^^^^^^^^^^^^^ the name `tool_generate_chart` in the value namespace is first re-exported here
22 | pub use color_schemes::*;
23 | pub use data_tools::*;
   |         ------------- but the name `tool_generate_chart` in the value namespace is also re-exported here

warning: ambiguous glob re-exports
  --> src/agent/tools/mod.rs:21:9
   |
21 | pub use chart_tools::*;
   |         ^^^^^^^^^^^^^^ the name `ColorScheme` in the type namespace is first re-exported here
22 | pub use color_schemes::*;
   |         ---------------- but the name `ColorScheme` in the type namespace is also re-exported here

warning: unused import: `chart_tools::*`
  --> src/agent/tools/mod.rs:21:9
   |
21 | pub use chart_tools::*;
   |         ^^^^^^^^^^^^^^

warning: unused variable: `model`
   --> src/agent/state_machine.rs:182:9
    |
182 |         model: String,
    |         ^^^^^ help: if this is intentional, prefix it with an underscore: `_model`
    |
    = note: `#[warn(unused_variables)]` on by default

warning: unused variable: `enable_thinking`
   --> src/agent/state_machine.rs:183:9
    |
183 |         enable_thinking: bool,
    |         ^^^^^^^^^^^^^^^ help: if this is intentional, prefix it with an underscore: `_enable_thinking`

warning: unused variable: `iteration`
   --> src/agent/state_machine.rs:237:13
    |
237 |         for iteration in 0..max_iterations {
    |             ^^^^^^^^^ help: if this is intentional, prefix it with an underscore: `_iteration`

warning: unused variable: `max_tokens`
   --> src/agent/state_machine.rs:259:17
    |
259 |             let max_tokens = if force_propose || params.command.as_ref().map_or(false, |c| propose_commands.contains(&c.as_str())) {
    |                 ^^^^^^^^^^ help: if this is intentional, prefix it with an underscore: `_max_tokens`

warning: unused variable: `session`
   --> src/agent/state_machine.rs:629:9
    |
629 |         session: ChatSession,
    |         ^^^^^^^ help: if this is intentional, prefix it with an underscore: `_session`

warning: unused variable: `params`
   --> src/agent/state_machine.rs:630:9
    |
630 |         params: AgentRunParams,
    |         ^^^^^^ help: if this is intentional, prefix it with an underscore: `_params`

warning: unused variable: `session_manager`
   --> src/agent/state_machine.rs:631:9
    |
631 |         session_manager: Arc<Mutex<SessionManager>>,
    |         ^^^^^^^^^^^^^^^ help: if this is intentional, prefix it with an underscore: `_session_manager`

warning: unused variable: `session_id`
   --> src/agent/state_machine.rs:632:9
    |
632 |         session_id: String,
    |         ^^^^^^^^^^ help: if this is intentional, prefix it with an underscore: `_session_id`

warning: unused variable: `session`
   --> src/agent/state_machine.rs:641:9
    |
641 |         session: ChatSession,
    |         ^^^^^^^ help: if this is intentional, prefix it with an underscore: `_session`

warning: unused variable: `params`
   --> src/agent/state_machine.rs:642:9
    |
642 |         params: AgentRunParams,
    |         ^^^^^^ help: if this is intentional, prefix it with an underscore: `_params`

warning: unused variable: `session_manager`
   --> src/agent/state_machine.rs:643:9
    |
643 |         session_manager: Arc<Mutex<SessionManager>>,
    |         ^^^^^^^^^^^^^^^ help: if this is intentional, prefix it with an underscore: `_session_manager`

warning: unused variable: `session_id`
   --> src/agent/state_machine.rs:644:9
    |
644 |         session_id: String,
    |         ^^^^^^^^^^ help: if this is intentional, prefix it with an underscore: `_session_id`

warning: unused variable: `session`
   --> src/agent/state_machine.rs:653:9
    |
653 |         session: ChatSession,
    |         ^^^^^^^ help: if this is intentional, prefix it with an underscore: `_session`

warning: unused variable: `params`
   --> src/agent/state_machine.rs:654:9
    |
654 |         params: AgentRunParams,
    |         ^^^^^^ help: if this is intentional, prefix it with an underscore: `_params`

warning: unused variable: `session_manager`
   --> src/agent/state_machine.rs:655:9
    |
655 |         session_manager: Arc<Mutex<SessionManager>>,
    |         ^^^^^^^^^^^^^^^ help: if this is intentional, prefix it with an underscore: `_session_manager`

warning: unused variable: `session_id`
   --> src/agent/state_machine.rs:656:9
    |
656 |         session_id: String,
    |         ^^^^^^^^^^ help: if this is intentional, prefix it with an underscore: `_session_id`

warning: unused variable: `session`
   --> src/agent/state_machine.rs:665:9
    |
665 |         session: ChatSession,
    |         ^^^^^^^ help: if this is intentional, prefix it with an underscore: `_session`

warning: unused variable: `params`
   --> src/agent/state_machine.rs:666:9
    |
666 |         params: AgentRunParams,
    |         ^^^^^^ help: if this is intentional, prefix it with an underscore: `_params`

warning: unused variable: `session_manager`
   --> src/agent/state_machine.rs:667:9
    |
667 |         session_manager: Arc<Mutex<SessionManager>>,
    |         ^^^^^^^^^^^^^^^ help: if this is intentional, prefix it with an underscore: `_session_manager`

warning: unused variable: `session_id`
   --> src/agent/state_machine.rs:668:9
    |
668 |         session_id: String,
    |         ^^^^^^^^^^ help: if this is intentional, prefix it with an underscore: `_session_id`

warning: variable does not need to be mutable
   --> src/agent/state_machine.rs:382:13
    |
382 |         let mut usage_data = None;
    |             ----^^^^^^^^^^
    |             |
    |             help: remove this `mut`
    |
    = note: `#[warn(unused_mut)]` on by default

warning: unused variable: `slides_json`
   --> src/agent/state_machine.rs:503:25
    |
503 |                     let slides_json = &arguments["slides"];
    |                         ^^^^^^^^^^^ help: if this is intentional, prefix it with an underscore: `_slides_json`

error[E0599]: no variant or associated item named `Utf8` found for enum `polars::prelude::DataType` in the current scope
  --> src/agent/tools/chart_tools.rs:17:28
   |
17 |     matches!(dt, DataType::Utf8 | DataType::LargeUtf8 | DataType::Boolean)
   |                            ^^^^ variant or associated item not found in `DataType`

error[E0599]: no variant or associated item named `LargeUtf8` found for enum `polars::prelude::DataType` in the current scope
  --> src/agent/tools/chart_tools.rs:17:45
   |
17 |     matches!(dt, DataType::Utf8 | DataType::LargeUtf8 | DataType::Boolean)
   |                                             ^^^^^^^^^ variant or associated item not found in `DataType`

error[E0308]: mismatched types
   --> src/agent/tools/chart_tools.rs:720:17
    |
720 |         for (i, (r, c, v)) in rows.iter().zip(cols.iter()).zip(vals.iter()).enumerate() {
    |                 ^^^^^^^^^     --------------------------------------------------------- this is an iterator with items of type `(usize, ((&std::string::String, &std::string::String), &f64))`
    |                 |
    |                 expected a tuple with 2 elements, found one with 3 elements
    |
    = note: expected tuple `((&std::string::String, &std::string::String), &f64)`
               found tuple `(_, _, _)`

error[E0308]: `if` and `else` have incompatible types
   --> src/agent/tools/chart_tools.rs:729:9
    |
644 |       let (x_labels, y_labels, z_data) = if is_wide_format {
    |  ________________________________________-
645 | |         // 宽格式转换
646 | |         let id_col = &string_cols[0];
...   |
676 | |         (value_cols, y_labels, z_matrix)
    | |         -------------------------------- expected because of this
...   |
729 | |         (unique_x, unique_y, z_matrix)
    | |         ^^^^^^^^^^^^^^^^^^^^^^^^^^^^^^ expected `(Vec<&str>, Vec<String>, Vec<Vec<f64>>)`, found `(Vec<String>, Vec<String>, Vec<...>)`
730 | |     };
    | |_____- `if` and `else` have incompatible types
    |
    = note: expected tuple `(Vec<&str>, Vec<_>, Vec<Vec<f64>>)`
               found tuple `(Vec<std::string::String>, Vec<_>, Vec<Vec<{float}>>)`

error[E0433]: failed to resolve: use of undeclared type `SQLContext`
  --> src/agent/tools/data_tools.rs:78:15
   |
78 |     let ctx = SQLContext::new();
   |               ^^^^^^^^^^
   |               |
   |               use of undeclared type `SQLContext`
   |               help: a trait with a similar name exists: `Context`

error[E0308]: mismatched types
    --> src/agent/tools/data_tools.rs:190:62
     |
190  |             *df = df.unique(None, UniqueKeepStrategy::First, false)?;
     |                      ------                                  ^^^^^ expected `Option<(i64, usize)>`, found `bool`
     |                      |
     |                      arguments to this method are incorrect
     |
     = note: expected enum `std::option::Option<(i64, usize)>`
                found type `bool`
note: method defined here
    --> /Users/alex/.cargo/registry/src/index.crates.io-1949cf8c6b5b557f/polars-core-0.46.0/src/frame/mod.rs:2951:12
     |
2951 |     pub fn unique<I, S>(
     |            ^^^^^^

warning: unused variable: `color`
   --> src/agent/tools/chart_engine.rs:607:9
    |
607 |     let color = &color_scheme.primary;
    |         ^^^^^ help: if this is intentional, prefix it with an underscore: `_color`

error[E0382]: borrow of moved value: `x_values`
   --> src/agent/tools/chart_engine.rs:906:18
    |
877 |     let x_values: Vec<String> = x_set.into_iter().collect();
    |         -------- move occurs because `x_values` has type `Vec<std::string::String>`, which does not implement the `Copy` trait
...
889 |     let trace = HeatMap::new(x_values, y_values, z);
    |                              -------- value moved here
...
906 |         "x_dim": x_values.len(),
    |                  ^^^^^^^^ value borrowed here after move
    |
help: consider cloning the value if the performance cost is acceptable
    |
889 |     let trace = HeatMap::new(x_values.clone(), y_values, z);
    |                                      ++++++++

error[E0382]: borrow of moved value: `y_values`
   --> src/agent/tools/chart_engine.rs:907:18
    |
878 |     let y_values: Vec<String> = y_set.into_iter().collect();
    |         -------- move occurs because `y_values` has type `Vec<std::string::String>`, which does not implement the `Copy` trait
...
889 |     let trace = HeatMap::new(x_values, y_values, z);
    |                                        -------- value moved here
...
907 |         "y_dim": y_values.len(),
    |                  ^^^^^^^^ value borrowed here after move
    |
help: consider cloning the value if the performance cost is acceptable
    |
889 |     let trace = HeatMap::new(x_values, y_values.clone(), z);
    |                                                ++++++++

warning: unused variable: `data`
    --> src/agent/tools/chart_engine.rs:1069:5
     |
1069 |     data: Vec<HashMap<String, serde_json::Value>>,
     |     ^^^^ help: if this is intentional, prefix it with an underscore: `_data`

warning: unused variable: `mapping`
    --> src/agent/tools/chart_engine.rs:1070:5
     |
1070 |     mapping: FieldMapping,
     |     ^^^^^^^ help: if this is intentional, prefix it with an underscore: `_mapping`

warning: unused variable: `options`
    --> src/agent/tools/chart_engine.rs:1071:5
     |
1071 |     options: ChartOptions,
     |     ^^^^^^^ help: if this is intentional, prefix it with an underscore: `_options`

warning: unused variable: `value`
    --> src/agent/tools/chart_engine.rs:1094:50
     |
1094 |         if let (Some(source), Some(target), Some(value)) = (
     |                                                  ^^^^^ help: if this is intentional, prefix it with an underscore: `_value`

warning: unused variable: `table_name`
   --> src/agent/tools/data_tools.rs:148:26
    |
148 | pub fn tool_profile_data(table_name: Option<&str>, columns: Option<Vec<String>>) -> Result<serde_json::Value> {
    |                          ^^^^^^^^^^ help: if this is intentional, prefix it with an underscore: `_table_name`

warning: unused variable: `columns`
   --> src/agent/tools/data_tools.rs:148:52
    |
148 | pub fn tool_profile_data(table_name: Option<&str>, columns: Option<Vec<String>>) -> Result<serde_json::Value> {
    |                                                    ^^^^^^^ help: if this is intentional, prefix it with an underscore: `_columns`

warning: unused variable: `row`
   --> src/agent/tools/export_tools.rs:113:19
    |
113 |     for (row_idx, row) in df.iter().enumerate() {
    |                   ^^^ help: if this is intentional, prefix it with an underscore: `_row`

warning: unused variable: `tables`
  --> src/agent/tools/export_tools.rs:85:26
   |
85 | pub fn tool_export_excel(tables: Vec<String>, filename: Option<String>) -> Result<ExcelExportResult> {
   |                          ^^^^^^ help: if this is intentional, prefix it with an underscore: `_tables`

warning: unused variable: `markdown`
   --> src/agent/tools/export_tools.rs:229:9
    |
229 |     let markdown = format!(
    |         ^^^^^^^^ help: if this is intentional, prefix it with an underscore: `_markdown`

warning: unused variable: `title`
   --> src/agent/tools/export_tools.rs:244:27
    |
244 | pub fn tool_export_report(title: &str, sections: Vec<ReportSection>) -> Result<String> {
    |                           ^^^^^ help: if this is intentional, prefix it with an underscore: `_title`

warning: unused variable: `title`
   --> src/agent/tools/export_tools.rs:304:5
    |
304 |     title: &str,
    |     ^^^^^ help: if this is intentional, prefix it with an underscore: `_title`

warning: unused variable: `name`
   --> src/agent/tools/export_tools.rs:372:5
    |
372 |     name: &str,
    |     ^^^^ help: if this is intentional, prefix it with an underscore: `_name`

warning: unused variable: `provider_lc`
   --> src/commands/agent_chat.rs:411:9
    |
411 |     let provider_lc = provider.to_lowercase();
    |         ^^^^^^^^^^^ help: if this is intentional, prefix it with an underscore: `_provider_lc`

Some errors have detailed explanations: E0308, E0382, E0433, E0599.
For more information about an error, try `rustc --explain E0308`.
warning: `tauri-vue-bi` (lib) generated 46 warnings
error: could not compile `tauri-vue-bi` (lib) due to 8 previous errors; 46 warnings emitted

Caused by:
  process didn't exit successfully: `/Users/alex/.rustup/toolchains/1.88.0-x86_64-apple-darwin/bin/rustc --crate-name tauri_vue_bi_lib --edition=2021 src/lib.rs --error-format=json --json=diagnostic-rendered-ansi,artifacts,future-incompat --crate-type staticlib --crate-type cdylib --crate-type rlib --emit=dep-info,link -C embed-bitcode=no -C debuginfo=2 -C split-debuginfo=unpacked --check-cfg 'cfg(docsrs,test)' --check-cfg 'cfg(feature, values())' -C metadata=9358893d490ef7e4 --out-dir /Users/alex/Documents/github/tauri-vue-bi/src-tauri/target/debug/deps -C incremental=/Users/alex/Documents/github/tauri-vue-bi/src-tauri/target/debug/incremental -L dependency=/Users/alex/Documents/github/tauri-vue-bi/src-tauri/target/debug/deps --extern anyhow=/Users/alex/Documents/github/tauri-vue-bi/src-tauri/target/debug/deps/libanyhow-9bf35c79102c43bc.rlib --extern async_stream=/Users/alex/Documents/github/tauri-vue-bi/src-tauri/target/debug/deps/libasync_stream-330646d4c22e27b1.rlib --extern async_trait=/Users/alex/Documents/github/tauri-vue-bi/src-tauri/target/debug/deps/libasync_trait-7cb2ea1402016e95.dylib --extern calamine=/Users/alex/Documents/github/tauri-vue-bi/src-tauri/target/debug/deps/libcalamine-3b5fc608d5f93ee5.rlib --extern chrono=/Users/alex/Documents/github/tauri-vue-bi/src-tauri/target/debug/deps/libchrono-fb2784f11f27e339.rlib --extern futures=/Users/alex/Documents/github/tauri-vue-bi/src-tauri/target/debug/deps/libfutures-c5aa7e996543fa69.rlib --extern once_cell=/Users/alex/Documents/github/tauri-vue-bi/src-tauri/target/debug/deps/libonce_cell-76ea2297fff17b09.rlib --extern plotly=/Users/alex/Documents/github/tauri-vue-bi/src-tauri/target/debug/deps/libplotly-9fb52eb7fce5644c.rlib --extern polars=/Users/alex/Documents/github/tauri-vue-bi/src-tauri/target/debug/deps/libpolars-93fcddc8de1fadf9.rlib --extern polars_ops=/Users/alex/Documents/github/tauri-vue-bi/src-tauri/target/debug/deps/libpolars_ops-b512e060618e8693.rlib --extern regex=/Users/alex/Documents/github/tauri-vue-bi/src-tauri/target/debug/deps/libregex-f492548a77663646.rlib --extern reqwest=/Users/alex/Documents/github/tauri-vue-bi/src-tauri/target/debug/deps/libreqwest-c11fa26116652d69.rlib --extern rusqlite=/Users/alex/Documents/github/tauri-vue-bi/src-tauri/target/debug/deps/librusqlite-881dc8a17805c30d.rlib --extern rust_xlsxwriter=/Users/alex/Documents/github/tauri-vue-bi/src-tauri/target/debug/deps/librust_xlsxwriter-fc7101172bbd0690.rlib --extern serde=/Users/alex/Documents/github/tauri-vue-bi/src-tauri/target/debug/deps/libserde-8efa1cd71204c9fb.rlib --extern serde_json=/Users/alex/Documents/github/tauri-vue-bi/src-tauri/target/debug/deps/libserde_json-5501bc7c7de3285c.rlib --extern sqlx=/Users/alex/Documents/github/tauri-vue-bi/src-tauri/target/debug/deps/libsqlx-f16326b60b269c53.rlib --extern tauri=/Users/alex/Documents/github/tauri-vue-bi/src-tauri/target/debug/deps/libtauri-665be19233d093b3.rlib --extern tauri_plugin_dialog=/Users/alex/Documents/github/tauri-vue-bi/src-tauri/target/debug/deps/libtauri_plugin_dialog-3aa985d77295cba2.rlib --extern tauri_plugin_fs=/Users/alex/Documents/github/tauri-vue-bi/src-tauri/target/debug/deps/libtauri_plugin_fs-4c3d10f7183bc3c2.rlib --extern tauri_plugin_opener=/Users/alex/Documents/github/tauri-vue-bi/src-tauri/target/debug/deps/libtauri_plugin_opener-55014e9c16be7747.rlib --extern thiserror=/Users/alex/Documents/github/tauri-vue-bi/src-tauri/target/debug/deps/libthiserror-67db2029995eefc6.rlib --extern tokio=/Users/alex/Documents/github/tauri-vue-bi/src-tauri/target/debug/deps/libtokio-fcccb14fe516a4c3.rlib --extern tracing=/Users/alex/Documents/github/tauri-vue-bi/src-tauri/target/debug/deps/libtracing-b1b48eec0707d99e.rlib --extern uuid=/Users/alex/Documents/github/tauri-vue-bi/src-tauri/target/debug/deps/libuuid-89d4335ff0d9b46d.rlib -L native=/Users/alex/Documents/github/tauri-vue-bi/src-tauri/target/debug/build/ring-c908b4b440fd0663/out -L native=/Users/alex/Documents/github/tauri-vue-bi/src-tauri/target/debug/build/lz4-sys-90d814747fae9ceb/out -L native=/Users/alex/Documents/github/tauri-vue-bi/src-tauri/target/debug/build/psm-714a9eb9030f2cf6/out -L native=/Users/alex/Documents/github/tauri-vue-bi/src-tauri/target/debug/build/zstd-sys-f226fef8f9dc5ace/out -L native=/Users/alex/Documents/github/tauri-vue-bi/src-tauri/target/debug/build/libsqlite3-sys-3474c16a4e10d06f/out -L native=/Users/alex/Documents/github/tauri-vue-bi/src-tauri/target/debug/build/objc2-exception-helper-b6745d7411342670/out --cfg desktop --cfg dev --check-cfg 'cfg(desktop)' --check-cfg 'cfg(mobile)' --check-cfg 'cfg(dev)'` (exit status: 1)
